<?xml version="1.0" encoding="UTF-8"?>
<!-- Generated by org.testng.reporters.JUnitReportReporter -->
<testsuite hostname="DESKTOP-FBLO2R3" failures="0" tests="5" name="org.testngbasics.TestNg02InstaSuite" time="10.292" errors="0" timestamp="2024-03-23T11:47:39 IST" skipped="0">
  <testcase classname="org.testngbasics.TestNg02InstaSuite" name="launchingBrowser" time="4.322"/>
  <testcase classname="org.testngbasics.TestNg02InstaSuite" name="enterUser" time="1.112"/>
  <testcase classname="org.testngbasics.TestNg02InstaSuite" name="enterUser" time="1.055"/>
  <testcase classname="org.testngbasics.TestNg02InstaSuite" name="enterUser" time="3.571"/>
  <testcase classname="org.testngbasics.TestNg02InstaSuite" name="closeeBrowser" time="0.232"/>
</testsuite> <!-- org.testngbasics.TestNg02InstaSuite -->
