<?xml version="1.0" encoding="UTF-8"?>
<!-- Generated by org.testng.reporters.JUnitReportReporter -->
<testsuite hostname="DESKTOP-FBLO2R3" failures="0" tests="5" name="org.testngbasics.TestNg01FbPriotParam" time="18.000" errors="0" timestamp="2024-03-24T15:02:16 IST" skipped="0">
  <testcase classname="org.testngbasics.TestNg01FbPriotParam" name="lauchingBrowser" time="9.950"/>
  <testcase classname="org.testngbasics.TestNg01FbPriotParam" name="enterUsername" time="0.263"/>
  <testcase classname="org.testngbasics.TestNg01FbPriotParam" name="enterPass" time="0.085"/>
  <testcase classname="org.testngbasics.TestNg01FbPriotParam" name="clickLoginBtn" time="0.296"/>
  <testcase classname="org.testngbasics.TestNg01FbPriotParam" name="closeTheBrowser" time="7.406"/>
</testsuite> <!-- org.testngbasics.TestNg01FbPriotParam -->
