<?xml version="1.0" encoding="UTF-8"?>
<!-- Generated by org.testng.reporters.JUnitReportReporter -->
<testsuite hostname="DESKTOP-FBLO2R3" failures="0" tests="3" name="org.testngbasics.TestNg05CrossParallel" time="43.020" errors="0" timestamp="2024-03-26T11:25:14 IST" skipped="0">
  <testcase classname="org.testngbasics.TestNg05CrossParallel" name="browserLaunch" time="20.751"/>
  <testcase classname="org.testngbasics.TestNg05CrossParallel" name="browserLaunch" time="11.019"/>
  <testcase classname="org.testngbasics.TestNg05CrossParallel" name="browserLaunch" time="11.250"/>
</testsuite> <!-- org.testngbasics.TestNg05CrossParallel -->
