<?xml version="1.0" encoding="UTF-8"?>
<!-- Generated by org.testng.reporters.JUnitReportReporter -->
<testsuite hostname="DESKTOP-FBLO2R3" failures="0" tests="8" name="org.testngbasics.TestNg03Groups" time="0.041" errors="0" timestamp="2024-03-23T12:14:06 IST" skipped="0">
  <testcase classname="org.testngbasics.TestNg03Groups" name="oppo2" time="0.002"/>
  <testcase classname="org.testngbasics.TestNg03Groups" name="oppo1" time="0.005"/>
  <testcase classname="org.testngbasics.TestNg03Groups" name="iphone2" time="0.011"/>
  <testcase classname="org.testngbasics.TestNg03Groups" name="vivo3" time="0.002"/>
  <testcase classname="org.testngbasics.TestNg03Groups" name="oppo3" time="0.002"/>
  <testcase classname="org.testngbasics.TestNg03Groups" name="vivo2" time="0.008"/>
  <testcase classname="org.testngbasics.TestNg03Groups" name="vivo1" time="0.007"/>
  <testcase classname="org.testngbasics.TestNg03Groups" name="iphone3" time="0.004"/>
</testsuite> <!-- org.testngbasics.TestNg03Groups -->
