<?xml version="1.0" encoding="UTF-8"?>
<!-- Generated by org.testng.reporters.JUnitReportReporter -->
<testsuite hostname="DESKTOP-FBLO2R3" failures="0" tests="2" name="org.testngbasics.DemoRunParallel" time="15.089" errors="0" timestamp="2024-03-24T14:06:54 IST" skipped="0">
  <testcase classname="org.testngbasics.DemoRunParallel" name="edge" time="7.809"/>
  <testcase classname="org.testngbasics.DemoRunParallel" name="firefox" time="7.280"/>
</testsuite> <!-- org.testngbasics.DemoRunParallel -->
