<?xml version="1.0" encoding="UTF-8"?>
<!-- Generated by org.testng.reporters.JUnitReportReporter -->
<testsuite hostname="DESKTOP-FBLO2R3" failures="0" tests="3" name="org.testngbasics.DemoRunParallel" time="58.266" errors="0" timestamp="2024-03-26T11:39:30 IST" skipped="0">
  <testcase classname="org.testngbasics.DemoRunParallel" name="edge" time="21.065"/>
  <testcase classname="org.testngbasics.DemoRunParallel" name="chrome" time="16.988"/>
  <testcase classname="org.testngbasics.DemoRunParallel" name="firefox" time="20.213"/>
</testsuite> <!-- org.testngbasics.DemoRunParallel -->
