<?xml version="1.0" encoding="UTF-8"?>
<!-- Generated by org.testng.reporters.JUnitReportReporter -->
<testsuite hostname="DESKTOP-FBLO2R3" failures="0" tests="4" name="org.testngbasics.TestNg01FbPriotParam" time="28.681" errors="0" timestamp="2024-03-24T14:28:52 IST" skipped="0">
  <testcase classname="org.testngbasics.TestNg01FbPriotParam" name="lauchingBrowser" time="10.048"/>
  <testcase classname="org.testngbasics.TestNg01FbPriotParam" name="enterUsername" time="5.305"/>
  <testcase classname="org.testngbasics.TestNg01FbPriotParam" name="clickLoginBtn" time="6.677"/>
  <testcase classname="org.testngbasics.TestNg01FbPriotParam" name="closeTheBrowser" time="6.651"/>
</testsuite> <!-- org.testngbasics.TestNg01FbPriotParam -->
